[0mGET / [36m304[0m 524.216 ms - -[0m
[0mGET /js/home_post_comments.js [33m404[0m 22.408 ms - 163[0m
[0mGET /js/home_posts.js [33m404[0m 11.827 ms - 155[0m
[0mGET /js/toggle_likes.js [33m404[0m 30.698 ms - 157[0m
[0mGET /js/chat_engine.js [33m404[0m 29.854 ms - 156[0m
[0mGET /js/home_posts.js [33m404[0m 13.947 ms - 155[0m
[0mGET /js/toggle_likes.js [33m404[0m 23.424 ms - 157[0m
[0mGET /js/chat_engine.js [33m404[0m 10.078 ms - 156[0m
[0mGET /users/profile/6097e4e556eeff125cc123d7 [32m200[0m 26.097 ms - 2297[0m
[0mGET /css/layout.css [33m404[0m 23.640 ms - 153[0m
[0mGET /css/header.css [33m404[0m 33.881 ms - 153[0m
[0mGET /css/footer.css [33m404[0m 34.358 ms - 153[0m
[0mGET /js/chat_engine.js [33m404[0m 1296.687 ms - 156[0m
[0mGET /js/home_post_comments.js [33m404[0m 1543.901 ms - 163[0m
[0mGET / [32m200[0m 202.241 ms - 16690[0m
[0mGET /js/home_post_comments.js [33m404[0m 10.679 ms - 163[0m
[0mGET /js/home_posts.js [33m404[0m 7.305 ms - 155[0m
[0mGET /css/layout.css [33m404[0m 8.960 ms - 153[0m
[0mGET /js/toggle_likes.js [33m404[0m 11.229 ms - 157[0m
[0mGET /js/chat_engine.js [33m404[0m 11.182 ms - 156[0m
[0mGET /css/layout.css [33m404[0m 5.760 ms - 153[0m
[0mGET /js/home_post_comments.js [33m404[0m 63.786 ms - 163[0m
[0mGET /js/home_posts.js [33m404[0m 7.441 ms - 155[0m
[0mGET /js/toggle_likes.js [33m404[0m 3.720 ms - 157[0m
[0mGET /js/chat_engine.js [33m404[0m 4.101 ms - 156[0m
[0mGET /users/profile/609938876bf1e53cb01d398b [32m200[0m 47.469 ms - 2729[0m
[0mGET /users/profile/css/layout.css [33m404[0m 9.566 ms - 167[0m
[0mGET /users/profile/css/header.css [33m404[0m 8.798 ms - 167[0m
[0mGET /users/profile/css/footer.css [33m404[0m 9.797 ms - 167[0m
[0mGET /users/profile/css/users.css [33m404[0m 11.003 ms - 166[0m
[0mGET /users/profile/css/layout.css [33m404[0m 9.491 ms - 167[0m
[0mGET /users/profile/css/header.css [33m404[0m 11.441 ms - 167[0m
[0mGET /js/home_posts.js [33m404[0m 14.324 ms - 155[0m
[0mGET /js/toggle_likes.js [33m404[0m 19.725 ms - 157[0m
[0mGET /js/chat_engine.js [33m404[0m 17.853 ms - 156[0m
[0mGET /css/layout.css [33m404[0m 22.712 ms - 153[0m
[0mGET / [36m304[0m 88.547 ms - -[0m
[0mGET /css/layout.css [33m404[0m 19.436 ms - 153[0m
[0mGET /js/home_post_comments.js [33m404[0m 21.503 ms - 163[0m
[0mGET /css/footer.css [33m404[0m 24.029 ms - 153[0m
[0mGET /css/header.css [33m404[0m 24.684 ms - 153[0m
[0mGET /css/home.css [33m404[0m 21.920 ms - 151[0m
[0mGET /css/chat_box.css [33m404[0m 25.233 ms - 155[0m
[0mGET /js/toggle_likes.js [33m404[0m 17.091 ms - 157[0m
[0mGET /js/chat_engine.js [33m404[0m 19.684 ms - 156[0m
[0mGET /js/home_posts.js [33m404[0m 46.830 ms - 155[0m
[0mGET /js/toggle_likes.js [33m404[0m 5.865 ms - 157[0m
[0mGET /js/chat_engine.js [33m404[0m 6.406 ms - 156[0m
[0mGET / [36m304[0m 81.510 ms - -[0m
[0mGET /js/home_post_comments.js [33m404[0m 20.186 ms - 163[0m
[0mGET /css/header.css [33m404[0m 41.940 ms - 153[0m
[0mGET /css/layout.css [33m404[0m 39.979 ms - 153[0m
[0mGET /css/footer.css [33m404[0m 41.054 ms - 153[0m
[0mGET /css/home.css [33m404[0m 50.768 ms - 151[0m
[0mGET /css/chat_box.css [33m404[0m 56.631 ms - 155[0m
[0mGET /js/toggle_likes.js [33m404[0m 17.915 ms - 157[0m
[0mGET /js/home_posts.js [33m404[0m 12.941 ms - 155[0m
[0mGET /js/chat_engine.js [33m404[0m 13.244 ms - 156[0m
[0mGET /js/toggle_likes.js [33m404[0m 4.233 ms - 157[0m
[0mGET /js/chat_engine.js [33m404[0m 3.160 ms - 156[0m
[0mGET / [36m304[0m 112.954 ms - -[0m
[0mGET /js/home_post_comments.js [33m404[0m 22.196 ms - 163[0m
[0mGET /js/home_posts.js [33m404[0m 17.027 ms - 155[0m
[0mGET /js/toggle_likes.js [33m404[0m 28.672 ms - 157[0m
[0mGET /js/chat_engine.js [33m404[0m 26.686 ms - 156[0m
[0mGET / [36m304[0m 51.847 ms - -[0m
[0mGET /css/layout.css [33m404[0m 27.379 ms - 153[0m
[0mGET /js/home_post_comments.js [33m404[0m 22.876 ms - 163[0m
[0mGET /js/home_posts.js [33m404[0m 22.424 ms - 155[0m
[0mGET /css/footer.css [33m404[0m 32.723 ms - 153[0m
[0mGET /css/header.css [33m404[0m 35.317 ms - 153[0m
[0mGET /css/home.css [33m404[0m 30.761 ms - 151[0m
[0mGET /js/toggle_likes.js [33m404[0m 21.645 ms - 157[0m
[0mGET /js/chat_engine.js [33m404[0m 26.007 ms - 156[0m
[0mGET /css/chat_box.css [33m404[0m 15.483 ms - 155[0m
[0mGET /js/home_posts.js [33m404[0m 7.825 ms - 155[0m
[0mGET /js/toggle_likes.js [33m404[0m 3.246 ms - 157[0m
[0mGET /js/chat_engine.js [33m404[0m 3.480 ms - 156[0m
[0mGET / [36m304[0m 44.898 ms - -[0m
[0mGET /css/layout.css [33m404[0m 18.622 ms - 153[0m
[0mGET /css/header.css [33m404[0m 25.050 ms - 153[0m
[0mGET /js/home_post_comments.js [33m404[0m 24.245 ms - 163[0m
[0mGET /css/footer.css [33m404[0m 21.273 ms - 153[0m
[0mGET /css/home.css [33m404[0m 22.124 ms - 151[0m
[0mGET /css/chat_box.css [33m404[0m 29.367 ms - 155[0m
[0mGET /js/home_posts.js [33m404[0m 45.645 ms - 155[0m
[0mGET /js/toggle_likes.js [33m404[0m 16.950 ms - 157[0m
[0mGET /js/chat_engine.js [33m404[0m 16.142 ms - 156[0m
[0mGET /css/layout.css [33m404[0m 9.484 ms - 153[0m
[0mGET /css/header.css [33m404[0m 9.624 ms - 153[0m
[0mGET /css/footer.css [33m404[0m 8.601 ms - 153[0m
[0mGET /users/sign-in [36m302[0m 40.015 ms - 72[0m
[0mGET /users/profile [33m404[0m 6.191 ms - 152[0m
[0mGET /js/home_post_comments.js [33m404[0m 15.672 ms - 163[0m
[0mGET /js/home_posts.js [33m404[0m 17.949 ms - 155[0m
[0mGET /js/toggle_likes.js [33m404[0m 17.603 ms - 157[0m
[0mGET /css/home.css [33m404[0m 14.888 ms - 151[0m
[0mGET /css/chat_box.css [33m404[0m 15.342 ms - 155[0m
[0mGET /js/home_post_comments.js [33m404[0m 7.938 ms - 163[0m
[0mGET /css/home.css [33m404[0m 11.458 ms - 151[0m
[0mGET /css/chat_box.css [33m404[0m 10.971 ms - 155[0m
[0mGET /js/home_posts.js [33m404[0m 8.021 ms - 155[0m
[0mGET /js/toggle_likes.js [33m404[0m 84.755 ms - 157[0m
[0mGET / [36m304[0m 77.134 ms - -[0m
[0mGET /js/home_post_comments.js [33m404[0m 23.058 ms - 163[0m
[0mGET /css/layout.css [33m404[0m 22.495 ms - 153[0m
[0mGET /css/header.css [33m404[0m 22.584 ms - 153[0m
[0mGET /css/footer.css [33m404[0m 24.581 ms - 153[0m
[0mGET /css/chat_box.css [33m404[0m 18.465 ms - 155[0m
[0mGET /css/home.css [33m404[0m 42.705 ms - 151[0m
[0mGET /js/home_posts.js [33m404[0m 20.699 ms - 155[0m
[0mGET /js/toggle_likes.js [33m404[0m 23.283 ms - 157[0m
[0mGET /js/chat_engine.js [33m404[0m 23.844 ms - 156[0m
[0mGET /js/home_posts.js [33m404[0m 2470.461 ms - 155[0m
[0mGET /js/chat_engine.js [33m404[0m 2437.698 ms - 156[0m
[0mGET /js/home_post_comments.js [33m404[0m 3283.205 ms - 163[0m
[0mGET /js/toggle_likes.js [33m404[0m 2469.763 ms - 157[0m
[0mGET /js/home_posts.js [33m404[0m 4.835 ms - 155[0m
[0mGET /js/toggle_likes.js [33m404[0m 4.867 ms - 157[0m
[0mGET /js/chat_engine.js [33m404[0m 5.657 ms - 156[0m
[0mGET /users/profile/609938876bf1e53cb01d398b [36m304[0m 98.115 ms - -[0m
[0mGET /users/profile/css/layout.css [33m404[0m 14.218 ms - 167[0m
[0mGET /users/profile/css/header.css [33m404[0m 14.334 ms - 167[0m
[0mGET /users/profile/css/footer.css [33m404[0m 16.539 ms - 167[0m
[0mGET /users/profile/css/users.css [33m404[0m 16.990 ms - 166[0m
[0mGET /users/profile/609938876bf1e53cb01d398b [36m304[0m 14.639 ms - -[0m
[0mGET /users/profile/css/layout.css [33m404[0m 4.866 ms - 167[0m
[0mGET /users/profile/css/header.css [33m404[0m 18.425 ms - 167[0m
[0mGET /users/profile/css/footer.css [33m404[0m 11.875 ms - 167[0m
[0mGET /users/profile/css/users.css [33m404[0m 13.741 ms - 166[0m
[0mGET /users/profile/609938876bf1e53cb01d398b [36m304[0m 10.885 ms - -[0m
[0mGET /users/profile/css/header.css [33m404[0m 21.021 ms - 167[0m
[0mGET /users/profile/css/footer.css [33m404[0m 21.831 ms - 167[0m
[0mGET /users/profile/css/layout.css [33m404[0m 21.328 ms - 167[0m
[0mGET /users/profile/css/users.css [33m404[0m 21.645 ms - 166[0m
[0mGET /users/sign-out [36m302[0m 28.992 ms - 46[0m
[0mGET / [32m200[0m 250.150 ms - 11426[0m
[0mGET /js/toggle_likes.js [33m404[0m 7.397 ms - 157[0m
[0mGET /css/layout.css [33m404[0m 12.046 ms - 153[0m
[0mGET /css/home.css [33m404[0m 13.499 ms - 151[0m
[0mGET /css/header.css [33m404[0m 18.436 ms - 153[0m
[0mGET /css/footer.css [33m404[0m 20.362 ms - 153[0m
[0mGET /css/chat_box.css [33m404[0m 19.005 ms - 155[0m
[0mGET /js/home_post_comments.js [33m404[0m 13.808 ms - 163[0m
[0mGET /js/home_posts.js [33m404[0m 9.785 ms - 155[0m
[0mGET /js/chat_engine.js [33m404[0m 7.908 ms - 156[0m
[0mGET /js/toggle_likes.js [33m404[0m 4.938 ms - 157[0m
[0mGET /js/chat_engine.js [33m404[0m 2.303 ms - 156[0m
[0mGET / [32m200[0m 61.597 ms - 11053[0m
[0mGET /css/layout.css [33m404[0m 9.991 ms - 153[0m
[0mGET /css/header.css [33m404[0m 11.373 ms - 153[0m
[0mGET /js/home_post_comments.js [33m404[0m 7.421 ms - 163[0m
[0mGET /css/footer.css [33m404[0m 28.770 ms - 153[0m
[0mGET /css/home.css [33m404[0m 29.367 ms - 151[0m
[0mGET /css/chat_box.css [33m404[0m 13.751 ms - 155[0m
[0mGET /js/home_posts.js [33m404[0m 14.267 ms - 155[0m
[0mGET /js/toggle_likes.js [33m404[0m 14.500 ms - 157[0m
[0mGET /js/chat_engine.js [33m404[0m 14.921 ms - 156[0m
[0mGET / [36m304[0m 49.534 ms - -[0m
[0mGET /css/header.css [33m404[0m 6.363 ms - 153[0m
[0mGET /css/footer.css [33m404[0m 4.099 ms - 153[0m
[0mGET /css/layout.css [33m404[0m 4.719 ms - 153[0m
[0mGET /js/home_post_comments.js [33m404[0m 10.521 ms - 163[0m
[0mGET /js/home_posts.js [33m404[0m 7.773 ms - 155[0m
[0mGET /js/toggle_likes.js [33m404[0m 7.786 ms - 157[0m
[0mGET /js/chat_engine.js [33m404[0m 13.216 ms - 156[0m
[0mGET /css/home.css [33m404[0m 13.018 ms - 151[0m
[0mGET /css/chat_box.css [33m404[0m 13.252 ms - 155[0m
[0mGET /js/home_posts.js [33m404[0m 2.791 ms - 155[0m
[0mGET /js/toggle_likes.js [33m404[0m 4.537 ms - 157[0m
[0mGET /js/chat_engine.js [33m404[0m 4.818 ms - 156[0m
[0mGET / [36m304[0m 37.608 ms - -[0m
[0mGET /css/layout.css [33m404[0m 8.098 ms - 153[0m
[0mGET /css/header.css [33m404[0m 11.874 ms - 153[0m
[0mGET /css/home.css [33m404[0m 14.759 ms - 151[0m
[0mGET /js/home_post_comments.js [33m404[0m 8.135 ms - 163[0m
[0mGET /css/chat_box.css [33m404[0m 6.397 ms - 155[0m
[0mGET /js/home_posts.js [33m404[0m 9.767 ms - 155[0m
[0mGET /css/footer.css [33m404[0m 13.481 ms - 153[0m
[0mGET /js/chat_engine.js [33m404[0m 13.248 ms - 156[0m
[0mGET /js/toggle_likes.js [33m404[0m 8.869 ms - 157[0m
[0mGET /js/home_posts.js [33m404[0m 3.120 ms - 155[0m
[0mGET /js/toggle_likes.js [33m404[0m 2.411 ms - 157[0m
[0mGET /js/chat_engine.js [33m404[0m 2.355 ms - 156[0m
[0mGET / [36m304[0m 44.652 ms - -[0m
[0mGET /css/layout.css [33m404[0m 9.319 ms - 153[0m
[0mGET /css/footer.css [33m404[0m 15.677 ms - 153[0m
[0mGET /css/home.css [33m404[0m 13.291 ms - 151[0m
[0mGET /css/header.css [33m404[0m 18.979 ms - 153[0m
[0mGET /js/home_post_comments.js [33m404[0m 13.660 ms - 163[0m
[0mGET /css/chat_box.css [33m404[0m 9.811 ms - 155[0m
[0mGET /js/home_posts.js [33m404[0m 10.715 ms - 155[0m
[0mGET /js/toggle_likes.js [33m404[0m 12.116 ms - 157[0m
[0mGET /js/chat_engine.js [33m404[0m 10.949 ms - 156[0m
[0mGET /users/profile/css/layout.css [33m404[0m 31.846 ms - 167[0m
[0mGET /users/profile/css/header.css [33m404[0m 31.754 ms - 167[0m
[0mGET /users/profile/css/footer.css [33m404[0m 9.242 ms - 167[0m
[0mGET /users/profile/css/users.css [33m404[0m 8.479 ms - 166[0m
[0mGET /users/profile/609938876bf1e53cb01d398b [36m302[0m 2.377 ms - 72[0m
[0mGET /users/sign-in [32m200[0m 5.626 ms - 2289[0m
[0mGET /users/css/layout.css [33m404[0m 1.978 ms - 159[0m
[0mGET /users/css/header.css [33m404[0m 2.178 ms - 159[0m
[0mGET /users/css/footer.css [33m404[0m 2.352 ms - 159[0m
[0mGET / [36m304[0m 39.338 ms - -[0m
[0mGET /js/home_post_comments.js [33m404[0m 10.075 ms - 163[0m
[0mGET /css/header.css [33m404[0m 12.469 ms - 153[0m
[0mGET /css/footer.css [33m404[0m 12.584 ms - 153[0m
[0mGET /css/chat_box.css [33m404[0m 12.909 ms - 155[0m
[0mGET /css/layout.css [33m404[0m 13.539 ms - 153[0m
[0mGET /css/home.css [33m404[0m 12.368 ms - 151[0m
[0mGET /js/home_posts.js [33m404[0m 10.939 ms - 155[0m
[0mGET /js/toggle_likes.js [33m404[0m 9.045 ms - 157[0m
[0mGET /js/chat_engine.js [33m404[0m 11.276 ms - 156[0m
[0mGET / [32m200[0m 3258.497 ms - 10491[0m
[0mGET /js/home_posts.js [33m404[0m 1645.803 ms - 155[0m
[0mGET /js/home_post_comments.js [33m404[0m 1838.391 ms - 163[0m
[0mGET /js/home_posts.js [33m404[0m 7.960 ms - 155[0m
[0mGET /js/toggle_likes.js [33m404[0m 10.769 ms - 157[0m
[0mGET /js/chat_engine.js [33m404[0m 8.774 ms - 156[0m
[0mGET /js/toggle_likes.js [33m404[0m 1612.701 ms - 157[0m
[0mGET /js/chat_engine.js [33m404[0m 1641.234 ms - 156[0m
[0mGET /favicon.ico [33m404[0m 7.859 ms - 150[0m
[0mGET /users/sign-in [32m200[0m 11.110 ms - 2202[0m
[0mGET /users/css/layout.css [33m404[0m 7.761 ms - 159[0m
[0mGET /users/css/header.css [33m404[0m 9.248 ms - 159[0m
[0mGET /users/css/footer.css [33m404[0m 8.501 ms - 159[0m
[0mPOST /users/create-session [36m302[0m 200.843 ms - 46[0m
[0mGET / [32m200[0m 72.154 ms - 16631[0m
[0mGET /js/home_post_comments.js [33m404[0m 18.929 ms - 163[0m
[0mGET /js/home_posts.js [33m404[0m 22.087 ms - 155[0m
[0mGET /js/toggle_likes.js [33m404[0m 17.431 ms - 157[0m
[0mGET /css/layout.css [33m404[0m 15.073 ms - 153[0m
[0mGET /css/header.css [33m404[0m 14.413 ms - 153[0m
[0mGET /css/footer.css [33m404[0m 10.635 ms - 153[0m
[0mGET /css/home.css [33m404[0m 10.812 ms - 151[0m
[0mGET /js/chat_engine.js [33m404[0m 67.955 ms - 156[0m
[0mGET /css/chat_box.css [33m404[0m 6.469 ms - 155[0m
[0mGET /js/home_posts.js [33m404[0m 5.345 ms - 155[0m
[0mGET /js/toggle_likes.js [33m404[0m 6.532 ms - 157[0m
[0mGET /js/chat_engine.js [33m404[0m 5.285 ms - 156[0m
[0mGET /users/sign-out [36m302[0m 6.967 ms - 46[0m
[0mGET / [32m200[0m 59.463 ms - 10852[0m
[0mGET /js/toggle_likes.js [33m404[0m 4.344 ms - 157[0m
[0mGET /js/chat_engine.js [33m404[0m 9.594 ms - 156[0m
[0mGET /css/layout.css [33m404[0m 8.726 ms - 153[0m
[0mGET /css/header.css [33m404[0m 11.649 ms - 153[0m
[0mGET /css/footer.css [33m404[0m 11.666 ms - 153[0m
[0mGET /css/home.css [33m404[0m 9.933 ms - 151[0m
[0mGET /js/home_post_comments.js [33m404[0m 10.599 ms - 163[0m
[0mGET /css/chat_box.css [33m404[0m 4.069 ms - 155[0m
[0mGET /js/home_posts.js [33m404[0m 6.141 ms - 155[0m
[0mGET /js/home_posts.js [33m404[0m 3.553 ms - 155[0m
[0mGET /js/toggle_likes.js [33m404[0m 2.094 ms - 157[0m
[0mGET /js/chat_engine.js [33m404[0m 2.705 ms - 156[0m
[0mGET /users/profile [33m404[0m 4.561 ms - 152[0m
[0mGET /js/toggle_likes.js [33m404[0m 3.332 ms - 157[0m
[0mGET /js/chat_engine.js [33m404[0m 3.062 ms - 156[0m
[0mGET / [32m200[0m 56.191 ms - 10491[0m
[0mGET /js/home_post_comments.js [33m404[0m 10.844 ms - 163[0m
[0mGET /css/header.css [33m404[0m 13.646 ms - 153[0m
[0mGET /css/footer.css [33m404[0m 12.693 ms - 153[0m
[0mGET /css/home.css [33m404[0m 13.041 ms - 151[0m
[0mGET /css/layout.css [33m404[0m 15.631 ms - 153[0m
[0mGET /css/chat_box.css [33m404[0m 12.674 ms - 155[0m
[0mGET /js/home_posts.js [33m404[0m 5.878 ms - 155[0m
[0mGET /js/toggle_likes.js [33m404[0m 7.882 ms - 157[0m
[0mGET /js/chat_engine.js [33m404[0m 8.402 ms - 156[0m
[0mGET /js/home_posts.js [33m404[0m 2.886 ms - 155[0m
[0mGET /js/toggle_likes.js [33m404[0m 3.218 ms - 157[0m
[0mGET /js/chat_engine.js [33m404[0m 2.950 ms - 156[0m
[0mGET /users/sign-up [32m200[0m 38.574 ms - 2364[0m
[0mGET /users/css/layout.css [33m404[0m 5.293 ms - 159[0m
[0mGET /users/css/header.css [33m404[0m 6.874 ms - 159[0m
[0mGET /users/css/footer.css [33m404[0m 12.787 ms - 159[0m
[0mGET / [36m304[0m 50.773 ms - -[0m
[0mGET /js/home_posts.js [33m404[0m 7.526 ms - 155[0m
[0mGET /css/layout.css [33m404[0m 16.657 ms - 153[0m
[0mGET /css/header.css [33m404[0m 16.377 ms - 153[0m
[0mGET /css/home.css [33m404[0m 12.374 ms - 151[0m
[0mGET /css/footer.css [33m404[0m 15.074 ms - 153[0m
[0mGET /css/chat_box.css [33m404[0m 15.451 ms - 155[0m
[0mGET /js/home_post_comments.js [33m404[0m 7.594 ms - 163[0m
[0mGET /js/toggle_likes.js [33m404[0m 4.553 ms - 157[0m
[0mGET /js/chat_engine.js [33m404[0m 6.364 ms - 156[0m
[0mGET /js/home_posts.js [33m404[0m 4.266 ms - 155[0m
[0mGET /js/toggle_likes.js [33m404[0m 3.237 ms - 157[0m
[0mGET /js/chat_engine.js [33m404[0m 3.064 ms - 156[0m
[0mGET / [36m304[0m 776.921 ms - -[0m
[0mGET /js/toggle_likes.js [33m404[0m 215.104 ms - 157[0m
[0mGET /js/home_post_comments.js [33m404[0m 19.595 ms - 163[0m
[0mGET /js/home_posts.js [33m404[0m 4.118 ms - 155[0m
[0mGET /js/chat_engine.js [33m404[0m 5.367 ms - 156[0m
[0mGET /js/home_posts.js [33m404[0m 4.793 ms - 155[0m
[0mGET /js/toggle_likes.js [33m404[0m 2.196 ms - 157[0m
[0mGET /js/chat_engine.js [33m404[0m 2.935 ms - 156[0m
[0mGET /favicon.ico [33m404[0m 2.836 ms - 150[0m
[0mGET /users/profile/609938876bf1e53cb01d398b [36m302[0m 86.401 ms - 72[0m
[0mGET /users/sign-in [32m200[0m 12.281 ms - 2202[0m
[0mGET /users/css/layout.css [33m404[0m 7.592 ms - 159[0m
[0mGET /users/css/footer.css [33m404[0m 16.750 ms - 159[0m
[0mGET /users/css/header.css [33m404[0m 10.635 ms - 159[0m
[0mGET /users/css/layout.css [33m404[0m 6.651 ms - 159[0m
[0mGET /users/css/footer.css [33m404[0m 7.888 ms - 159[0m
[0mGET /users/css/header.css [33m404[0m 8.341 ms - 159[0m
[0mGET /users/auth/google [36m302[0m 9.739 ms - 0[0m
[0mGET /users/auth/google/callback?code=4%2F0AX4XfWjCkeuruJzOuamU0d7Nxs-CvOh4-3GR2pmKdiPe6HidajjU7QZFMou7AUu55PipHA&scope=email+profile+https%3A%2F%2Fwww.googleapis.com%2Fauth%2Fuserinfo.profile+https%3A%2F%2Fwww.googleapis.com%2Fauth%2Fuserinfo.email+openid&authuser=0&prompt=consent [36m302[0m 723.293 ms - 46[0m
[0mGET / [32m200[0m 85.917 ms - 16393[0m
[0mGET /js/home_post_comments.js [33m404[0m 28.495 ms - 163[0m
[0mGET /css/layout.css [33m404[0m 30.423 ms - 153[0m
[0mGET /css/footer.css [33m404[0m 29.733 ms - 153[0m
[0mGET /js/home_posts.js [33m404[0m 46.328 ms - 155[0m
[0mGET /css/header.css [33m404[0m 38.858 ms - 153[0m
[0mGET /css/home.css [33m404[0m 60.537 ms - 151[0m
[0mGET /js/toggle_likes.js [33m404[0m 29.855 ms - 157[0m
[0mGET /css/chat_box.css [33m404[0m 23.396 ms - 155[0m
[0mGET /js/chat_engine.js [33m404[0m 29.016 ms - 156[0m
[0mGET /css/layout.css [33m404[0m 18.067 ms - 153[0m
[0mGET /js/home_post_comments.js [33m404[0m 32.654 ms - 163[0m
[0mGET /css/header.css [33m404[0m 32.300 ms - 153[0m
[0mGET /css/home.css [33m404[0m 24.302 ms - 151[0m
[0mGET /css/footer.css [33m404[0m 28.423 ms - 153[0m
[0mGET /js/home_posts.js [33m404[0m 7.586 ms - 155[0m
[0mGET /js/toggle_likes.js [33m404[0m 5.692 ms - 157[0m
[0mGET /js/chat_engine.js [33m404[0m 5.576 ms - 156[0m
[0mGET /likes/toggle/?id=6097e52956eeff125cc123de&type=Comment [33m404[0m 6.618 ms - 152[0m
[0mGET /css/layout.css [33m404[0m 36.042 ms - 153[0m
[0mGET /css/header.css [33m404[0m 35.456 ms - 153[0m
[0mGET /css/footer.css [33m404[0m 29.584 ms - 153[0m
[0mGET /css/home.css [33m404[0m 32.877 ms - 151[0m
[0mGET /js/home_post_comments.js [33m404[0m 41.539 ms - 163[0m
[0mGET /js/home_posts.js [33m404[0m 37.170 ms - 155[0m
[0mPOST /posts/create [36m302[0m 50.780 ms - 88[0m
[0mGET / [32m200[0m 87.868 ms - 17558[0m
[0mGET /js/home_post_comments.js [33m404[0m 20.573 ms - 163[0m
[0mGET /css/layout.css [33m404[0m 19.187 ms - 153[0m
[0mGET /css/header.css [33m404[0m 21.175 ms - 153[0m
[0mGET /css/footer.css [33m404[0m 19.178 ms - 153[0m
[0mGET /css/home.css [33m404[0m 19.978 ms - 151[0m
[0mGET /css/chat_box.css [33m404[0m 20.576 ms - 155[0m
[0mGET /js/home_posts.js [33m404[0m 9.150 ms - 155[0m
[0mGET /js/toggle_likes.js [33m404[0m 10.349 ms - 157[0m
[0mGET /js/chat_engine.js [33m404[0m 14.314 ms - 156[0m
[0mGET /likes/toggle/?id=61174291ffe3e71b9cfbddc2&type=Post [33m404[0m 6.513 ms - 152[0m
[0mGET /css/chat_box.css [33m404[0m 6.436 ms - 155[0m
[0mPOST /comments/create [36m302[0m 30.578 ms - 46[0m
[0mGET / [32m200[0m 76.423 ms - 17952[0m
[0mGET /css/layout.css [33m404[0m 19.728 ms - 153[0m
[0mGET /css/header.css [33m404[0m 22.178 ms - 153[0m
[0mGET /js/home_post_comments.js [33m404[0m 22.126 ms - 163[0m
[0mGET /css/footer.css [33m404[0m 20.204 ms - 153[0m
[0mGET /css/home.css [33m404[0m 23.094 ms - 151[0m
[0mGET /css/chat_box.css [33m404[0m 26.781 ms - 155[0m
[0mGET /js/home_posts.js [33m404[0m 15.397 ms - 155[0m
[0mGET /js/toggle_likes.js [33m404[0m 16.723 ms - 157[0m
[0mGET /js/chat_engine.js [33m404[0m 16.954 ms - 156[0m
[0mGET /posts/destroy/61174291ffe3e71b9cfbddc2 [36m302[0m 93.276 ms - 88[0m
[0mGET / [32m200[0m 139.176 ms - 16423[0m
[0mGET /css/home.css [33m404[0m 16.686 ms - 151[0m
[0mGET /js/home_post_comments.js [33m404[0m 21.698 ms - 163[0m
[0mGET /css/chat_box.css [33m404[0m 26.522 ms - 155[0m
[0mGET /css/layout.css [33m404[0m 24.326 ms - 153[0m
[0mGET /css/header.css [33m404[0m 24.304 ms - 153[0m
[0mGET /css/footer.css [33m404[0m 27.658 ms - 153[0m
[0mGET /js/home_posts.js [33m404[0m 29.383 ms - 155[0m
[0mGET /js/toggle_likes.js [33m404[0m 26.156 ms - 157[0m
[0mGET /js/chat_engine.js [33m404[0m 17.154 ms - 156[0m
[0mGET /users/sign-out [36m302[0m 8.867 ms - 46[0m
[0mGET / [32m200[0m 47.005 ms - 10852[0m
[0mGET /js/home_post_comments.js [33m404[0m 9.139 ms - 163[0m
[0mGET /css/layout.css [33m404[0m 10.378 ms - 153[0m
[0mGET /css/header.css [33m404[0m 10.659 ms - 153[0m
[0mGET /css/footer.css [33m404[0m 11.871 ms - 153[0m
[0mGET /css/chat_box.css [33m404[0m 12.034 ms - 155[0m
[0mGET /css/home.css [33m404[0m 11.912 ms - 151[0m
[0mGET /js/home_posts.js [33m404[0m 6.319 ms - 155[0m
[0mGET /js/toggle_likes.js [33m404[0m 5.922 ms - 157[0m
[0mGET /js/chat_engine.js [33m404[0m 5.875 ms - 156[0m
[0mGET /js/home_posts.js [33m404[0m 3.238 ms - 155[0m
[0mGET /js/toggle_likes.js [33m404[0m 2.714 ms - 157[0m
[0mGET /js/chat_engine.js [33m404[0m 3.025 ms - 156[0m
[0mGET /users/sign-in [36m304[0m 6.376 ms - -[0m
[0mGET /users/css/layout.css [33m404[0m 8.966 ms - 159[0m
[0mGET /users/css/header.css [33m404[0m 8.973 ms - 159[0m
[0mGET /users/css/footer.css [33m404[0m 8.703 ms - 159[0m
[0mPOST /users/create-session [36m302[0m 7.789 ms - 72[0m
[0mGET /users/sign-in [32m200[0m 6.131 ms - 2469[0m
[0mGET /users/css/layout.css [33m404[0m 3.642 ms - 159[0m
[0mGET /users/css/header.css [33m404[0m 6.483 ms - 159[0m
[0mGET /users/css/footer.css [33m404[0m 5.754 ms - 159[0m
[0mGET /users/profile [33m404[0m 3.177 ms - 152[0m
[0mGET / [32m200[0m 57.447 ms - 10491[0m
[0mGET /css/layout.css [33m404[0m 6.406 ms - 153[0m
[0mGET /css/header.css [33m404[0m 6.733 ms - 153[0m
[0mGET /js/home_post_comments.js [33m404[0m 10.584 ms - 163[0m
[0mGET /css/footer.css [33m404[0m 10.801 ms - 153[0m
[0mGET /css/home.css [33m404[0m 11.823 ms - 151[0m
[0mGET /css/chat_box.css [33m404[0m 12.867 ms - 155[0m
[0mGET /js/home_posts.js [33m404[0m 9.283 ms - 155[0m
[0mGET /js/toggle_likes.js [33m404[0m 4.263 ms - 157[0m
[0mGET /js/chat_engine.js [33m404[0m 3.039 ms - 156[0m
[0mGET /js/home_posts.js [33m404[0m 3.246 ms - 155[0m
[0mGET /js/toggle_likes.js [33m404[0m 2.410 ms - 157[0m
[0mGET /js/chat_engine.js [33m404[0m 4.268 ms - 156[0m
[0mGET /users/profile/609938876bf1e53cb01d398b [36m302[0m 3.063 ms - 72[0m
[0mGET /users/sign-in [32m200[0m 7.118 ms - 2202[0m
[0mGET /users/css/layout.css [33m404[0m 10.551 ms - 159[0m
[0mGET /users/css/header.css [33m404[0m 11.167 ms - 159[0m
[0mGET /users/css/footer.css [33m404[0m 8.578 ms - 159[0m
[0mGET /users/auth/google [36m302[0m 4.994 ms - 0[0m
[0mGET /users/auth/google/callback?code=4%2F0AX4XfWgj5twjy7hd7r8Ct2oVOITeR5Vw6SNgZIvDVDO1xa2nBVT_kLrvZLNKk7SdOG-w4A&scope=email+profile+https%3A%2F%2Fwww.googleapis.com%2Fauth%2Fuserinfo.profile+https%3A%2F%2Fwww.googleapis.com%2Fauth%2Fuserinfo.email+openid&authuser=0&prompt=consent [36m302[0m 530.784 ms - 46[0m
[0mGET / [32m200[0m 75.700 ms - 16393[0m
[0mGET /css/layout.css [33m404[0m 14.873 ms - 153[0m
[0mGET /js/home_post_comments.js [33m404[0m 21.677 ms - 163[0m
[0mGET /css/header.css [33m404[0m 20.174 ms - 153[0m
[0mGET /css/home.css [33m404[0m 20.468 ms - 151[0m
[0mGET /css/footer.css [33m404[0m 22.930 ms - 153[0m
[0mGET /css/chat_box.css [33m404[0m 22.778 ms - 155[0m
[0mGET /js/home_posts.js [33m404[0m 20.939 ms - 155[0m
[0mGET /js/toggle_likes.js [33m404[0m 9.529 ms - 157[0m
[0mGET /js/chat_engine.js [33m404[0m 9.845 ms - 156[0m
[0mGET /css/layout.css [33m404[0m 16.521 ms - 153[0m
[0mGET /css/header.css [33m404[0m 21.723 ms - 153[0m
[0mGET /css/footer.css [33m404[0m 21.641 ms - 153[0m
[0mGET /css/home.css [33m404[0m 23.618 ms - 151[0m
[0mGET /js/home_post_comments.js [33m404[0m 15.630 ms - 163[0m
[0mGET /css/chat_box.css [33m404[0m 8.705 ms - 155[0m
[0mGET /js/home_posts.js [33m404[0m 5.459 ms - 155[0m
[0mGET /js/toggle_likes.js [33m404[0m 6.980 ms - 157[0m
[0mGET /js/chat_engine.js [33m404[0m 4.316 ms - 156[0m
[0mGET /css/layout.css [33m404[0m 13.096 ms - 153[0m
[0mGET /css/header.css [33m404[0m 18.699 ms - 153[0m
[0mGET /css/footer.css [33m404[0m 16.229 ms - 153[0m
[0mGET /css/home.css [33m404[0m 16.793 ms - 151[0m
[0mGET /css/chat_box.css [33m404[0m 13.019 ms - 155[0m
[0mGET /css/layout.css [33m404[0m 7.370 ms - 153[0m
[0mGET /assets/css/layout.css [33m404[0m 7.585 ms - 160[0m
[0mGET / [32m200[0m 161.654 ms - 16028[0m
[0mGET /js/home_post_comments.js [33m404[0m 34.648 ms - 163[0m
[0mGET /js/home_posts.js [33m404[0m 15.618 ms - 155[0m
[0mGET /js/toggle_likes.js [33m404[0m 16.495 ms - 157[0m
[0mGET /js/chat_engine.js [33m404[0m 18.859 ms - 156[0m
[0mGET /js/home_post_comments.js [33m404[0m 6.643 ms - 163[0m
[0mGET /js/home_posts.js [33m404[0m 7.356 ms - 155[0m
[0mGET /js/toggle_likes.js [33m404[0m 7.221 ms - 157[0m
[0mGET /js/chat_engine.js [33m404[0m 6.005 ms - 156[0m
[0mGET /css/layout.css [33m404[0m 14.229 ms - 153[0m
[0mGET /css/header.css [33m404[0m 23.774 ms - 153[0m
[0mGET /css/footer.css [33m404[0m 21.034 ms - 153[0m
[0mGET /css/home.css [33m404[0m 26.783 ms - 151[0m
[0mGET /css/chat_box.css [33m404[0m 20.129 ms - 155[0m
[0mGET /likes/toggle/?id=609babf159a6743f401d368e&type=Comment [33m404[0m 17.359 ms - 152[0m
[0mGET /js/home_post_comments.js [33m404[0m 14.773 ms - 163[0m
[0mGET /js/chat_engine.js [33m404[0m 15.050 ms - 156[0m
[0mGET /likes/toggle/?id=6097e52956eeff125cc123de&type=Comment [33m404[0m 6.626 ms - 152[0m
[0mGET /likes/toggle/?id=6097e51d56eeff125cc123dd&type=Post [33m404[0m 6.640 ms - 152[0m
[0mGET / [36m304[0m 47.588 ms - -[0m
[0mGET /css/layout.css [33m404[0m 26.261 ms - 153[0m
[0mGET /css/header.css [33m404[0m 26.737 ms - 153[0m
[0mGET /css/footer.css [33m404[0m 27.429 ms - 153[0m
[0mGET /css/home.css [33m404[0m 46.455 ms - 151[0m
[0mGET /js/home_post_comments.js [33m404[0m 37.433 ms - 163[0m
[0mGET /css/chat_box.css [33m404[0m 27.632 ms - 155[0m
[0mGET /js/home_posts.js [33m404[0m 21.933 ms - 155[0m
[0mGET /js/toggle_likes.js [33m404[0m 22.541 ms - 157[0m
[0mGET /js/chat_engine.js [33m404[0m 23.157 ms - 156[0m
[0mGET /css/home.css [33m404[0m 12.371 ms - 151[0m
[0mGET /js/home_post_comments.js [33m404[0m 11.483 ms - 163[0m
[0mGET /css/chat_box.css [33m404[0m 7.948 ms - 155[0m
[0mGET / [36m304[0m 37.881 ms - -[0m
[0mGET /css/layout.css [33m404[0m 9.037 ms - 153[0m
[0mGET /css/header.css [33m404[0m 14.951 ms - 153[0m
[0mGET /css/footer.css [33m404[0m 25.822 ms - 153[0m
[0mGET /css/home.css [33m404[0m 23.794 ms - 151[0m
[0mGET /js/home_post_comments.js [33m404[0m 30.354 ms - 163[0m
[0mGET /js/home_posts.js [33m404[0m 29.727 ms - 155[0m
[0mGET /js/toggle_likes.js [33m404[0m 27.473 ms - 157[0m
[0mGET /css/chat_box.css [33m404[0m 24.885 ms - 155[0m
[0mGET /js/chat_engine.js [33m404[0m 27.795 ms - 156[0m
[0mGET /js/home_posts.js [33m404[0m 7.929 ms - 155[0m
[0mGET /js/toggle_likes.js [33m404[0m 5.153 ms - 157[0m
[0mGET /js/chat_engine.js [33m404[0m 4.383 ms - 156[0m
[0mGET / [36m304[0m 98.062 ms - -[0m
[0mGET /js/home_post_comments.js [33m404[0m 29.235 ms - 163[0m
[0mGET /js/home_posts.js [33m404[0m 25.261 ms - 155[0m
[0mGET /js/toggle_likes.js [33m404[0m 24.400 ms - 157[0m
[0mGET /js/chat_engine.js [33m404[0m 19.770 ms - 156[0m
[0mPOST /posts/create [36m302[0m 21.857 ms - 88[0m
[0mGET / [32m200[0m 43.118 ms - 17561[0m
[0mGET /css/layout.css [33m404[0m 21.912 ms - 153[0m
[0mGET /css/header.css [33m404[0m 22.992 ms - 153[0m
[0mGET /js/home_post_comments.js [33m404[0m 25.631 ms - 163[0m
[0mGET /css/footer.css [33m404[0m 33.790 ms - 153[0m
[0mGET /css/chat_box.css [33m404[0m 37.326 ms - 155[0m
[0mGET /css/home.css [33m404[0m 48.886 ms - 151[0m
[0mGET /js/home_posts.js [33m404[0m 28.186 ms - 155[0m
[0mGET /js/toggle_likes.js [33m404[0m 29.192 ms - 157[0m
[0mGET /js/chat_engine.js [33m404[0m 24.602 ms - 156[0m
[0mPOST /comments/create [36m302[0m 18.442 ms - 46[0m
[0mGET / [32m200[0m 53.452 ms - 17955[0m
[0mGET /js/home_post_comments.js [33m404[0m 19.367 ms - 163[0m
[0mGET /css/footer.css [33m404[0m 21.541 ms - 153[0m
[0mGET /css/home.css [33m404[0m 18.999 ms - 151[0m
[0mGET /css/layout.css [33m404[0m 23.171 ms - 153[0m
[0mGET /css/chat_box.css [33m404[0m 19.726 ms - 155[0m
[0mGET /css/header.css [33m404[0m 27.874 ms - 153[0m
[0mGET /js/home_posts.js [33m404[0m 18.329 ms - 155[0m
[0mGET /js/toggle_likes.js [33m404[0m 15.001 ms - 157[0m
[0mGET /js/chat_engine.js [33m404[0m 16.810 ms - 156[0m
[0mGET /likes/toggle/?id=611756182f58a805ecc71038&type=Post [33m404[0m 4.767 ms - 152[0m
[0mGET /css/layout.css [33m404[0m 7.378 ms - 153[0m
[0mGET /css/header.css [33m404[0m 13.258 ms - 153[0m
[0mGET /js/home_post_comments.js [33m404[0m 25.379 ms - 163[0m
[0mGET /css/footer.css [33m404[0m 16.323 ms - 153[0m
[0mGET /css/home.css [33m404[0m 18.999 ms - 151[0m
[0mGET /css/chat_box.css [33m404[0m 17.757 ms - 155[0m
[0mGET /likes/toggle/?id=6117562f2f58a805ecc71039&type=Comment [33m404[0m 6.476 ms - 152[0m
[0mGET /users/profile/609938876bf1e53cb01d398b [32m200[0m 42.738 ms - 2636[0m
[0mGET /users/profile/css/layout.css [33m404[0m 13.795 ms - 167[0m
[0mGET /users/profile/css/header.css [33m404[0m 16.922 ms - 167[0m
[0mGET /users/profile/css/users.css [33m404[0m 10.027 ms - 166[0m
[0mGET /users/profile/css/footer.css [33m404[0m 10.346 ms - 167[0m
[0mGET /users/profile/css/layout.css [33m404[0m 9.723 ms - 167[0m
[0mGET /users/profile/css/header.css [33m404[0m 12.027 ms - 167[0m
[0mGET /users/profile/css/footer.css [33m404[0m 12.416 ms - 167[0m
[0mGET /users/profile/css/users.css [33m404[0m 14.899 ms - 166[0m
[0mGET /users/profile [33m404[0m 4.996 ms - 152[0m
[0mGET / [32m200[0m 55.051 ms - 17598[0m
[0mGET /js/home_post_comments.js [33m404[0m 22.372 ms - 163[0m
[0mGET /css/layout.css [33m404[0m 25.217 ms - 153[0m
[0mGET /css/header.css [33m404[0m 24.751 ms - 153[0m
[0mGET /css/footer.css [33m404[0m 25.204 ms - 153[0m
[0mGET /css/home.css [33m404[0m 27.255 ms - 151[0m
[0mGET /css/chat_box.css [33m404[0m 48.979 ms - 155[0m
[0mGET /js/home_posts.js [33m404[0m 19.174 ms - 155[0m
[0mGET /js/toggle_likes.js [33m404[0m 15.530 ms - 157[0m
[0mGET /js/chat_engine.js [33m404[0m 14.092 ms - 156[0m
[0mGET /users/sign-out [36m302[0m 6.121 ms - 46[0m
[0mGET / [32m200[0m 30.514 ms - 11605[0m
[0mGET /js/home_post_comments.js [33m404[0m 2.295 ms - 163[0m
[0mGET /css/chat_box.css [33m404[0m 10.283 ms - 155[0m
[0mGET /css/layout.css [33m404[0m 8.225 ms - 153[0m
[0mGET /css/header.css [33m404[0m 8.320 ms - 153[0m
[0mGET /css/home.css [33m404[0m 8.697 ms - 151[0m
[0mGET /css/footer.css [33m404[0m 10.867 ms - 153[0m
[0mGET /js/home_posts.js [33m404[0m 8.971 ms - 155[0m
[0mGET /js/toggle_likes.js [33m404[0m 5.359 ms - 157[0m
[0mGET /js/chat_engine.js [33m404[0m 5.587 ms - 156[0m
[0mGET /users/sign-in [36m304[0m 8.625 ms - -[0m
[0mGET /users/css/layout.css [33m404[0m 3.585 ms - 159[0m
[0mGET /users/css/header.css [33m404[0m 7.059 ms - 159[0m
[0mGET /users/css/footer.css [33m404[0m 7.850 ms - 159[0m
[0mPOST /users/create-session [36m302[0m 6.654 ms - 46[0m
[0mGET / [32m200[0m 43.893 ms - 18064[0m
[0mGET /css/layout.css [33m404[0m 8.880 ms - 153[0m
[0mGET /js/home_post_comments.js [33m404[0m 18.632 ms - 163[0m
[0mGET /css/header.css [33m404[0m 19.645 ms - 153[0m
[0mGET /css/footer.css [33m404[0m 19.715 ms - 153[0m
[0mGET /css/home.css [33m404[0m 17.441 ms - 151[0m
[0mGET /js/home_posts.js [33m404[0m 17.826 ms - 155[0m
[0mGET /css/chat_box.css [33m404[0m 22.643 ms - 155[0m
[0mGET /js/toggle_likes.js [33m404[0m 12.949 ms - 157[0m
[0mGET /js/chat_engine.js [33m404[0m 12.804 ms - 156[0m
[0mGET /js/home_posts.js [33m404[0m 14.465 ms - 155[0m
[0mGET /js/toggle_likes.js [33m404[0m 7.069 ms - 157[0m
[0mGET /js/chat_engine.js [33m404[0m 2.899 ms - 156[0m
[0mGET /likes/toggle/?id=611756182f58a805ecc71038&type=Post [33m404[0m 5.895 ms - 152[0m
[0mGET /css/home.css [33m404[0m 7.028 ms - 151[0m
[0mGET /css/chat_box.css [33m404[0m 7.802 ms - 155[0m
[0mGET /likes/toggle/?id=6117562f2f58a805ecc71039&type=Comment [33m404[0m 6.326 ms - 152[0m
[0mPOST /comments/create [36m302[0m 15.451 ms - 46[0m
[0mGET / [32m200[0m 39.599 ms - 18444[0m
[0mGET /js/home_post_comments.js [33m404[0m 20.507 ms - 163[0m
[0mGET /css/layout.css [33m404[0m 22.645 ms - 153[0m
[0mGET /css/header.css [33m404[0m 21.921 ms - 153[0m
[0mGET /css/footer.css [33m404[0m 20.847 ms - 153[0m
[0mGET /css/home.css [33m404[0m 21.069 ms - 151[0m
[0mGET /css/chat_box.css [33m404[0m 22.033 ms - 155[0m
[0mGET /js/home_posts.js [33m404[0m 11.197 ms - 155[0m
[0mGET /js/toggle_likes.js [33m404[0m 12.618 ms - 157[0m
[0mGET /js/chat_engine.js [33m404[0m 11.083 ms - 156[0m
[0mGET /users/profile/607d8a5d42420009d0402748 [32m200[0m 11.318 ms - 2634[0m
[0mGET /users/profile/css/layout.css [33m404[0m 15.265 ms - 167[0m
[0mGET /users/profile/css/header.css [33m404[0m 19.423 ms - 167[0m
[0mGET /users/profile/css/footer.css [33m404[0m 19.732 ms - 167[0m
[0mGET /users/profile/css/users.css [33m404[0m 24.334 ms - 166[0m
[0mGET / [32m200[0m 42.848 ms - 18087[0m
[0mGET /css/footer.css [33m404[0m 18.199 ms - 153[0m
[0mGET /css/home.css [33m404[0m 18.131 ms - 151[0m
[0mGET /js/home_post_comments.js [33m404[0m 22.463 ms - 163[0m
[0mGET /css/layout.css [33m404[0m 23.998 ms - 153[0m
[0mGET /css/chat_box.css [33m404[0m 23.561 ms - 155[0m
[0mGET /css/header.css [33m404[0m 28.275 ms - 153[0m
[0mGET /js/home_posts.js [33m404[0m 25.080 ms - 155[0m
[0mGET /js/toggle_likes.js [33m404[0m 28.660 ms - 157[0m
[0mGET /js/chat_engine.js [33m404[0m 15.615 ms - 156[0m
[0mGET /users/profile/6097e4e556eeff125cc123d7 [32m200[0m 9.197 ms - 2223[0m
[0mGET /users/profile/css/layout.css [33m404[0m 16.822 ms - 167[0m
[0mGET /users/profile/css/header.css [33m404[0m 12.458 ms - 167[0m
[0mGET /users/profile/css/footer.css [33m404[0m 14.321 ms - 167[0m
[0mGET /users/profile/css/users.css [33m404[0m 15.878 ms - 166[0m
[0mGET /css/layout.css [33m404[0m 9.014 ms - 153[0m
[0mGET /css/header.css [33m404[0m 10.282 ms - 153[0m
[0mGET /js/home_post_comments.js [33m404[0m 8.106 ms - 163[0m
[0mGET /css/chat_box.css [33m404[0m 8.263 ms - 155[0m
[0mGET /css/layout.css [33m404[0m 17.832 ms - 153[0m
[0mGET /css/footer.css [33m404[0m 19.535 ms - 153[0m
[0mGET /css/header.css [33m404[0m 18.730 ms - 153[0m
[0mGET /css/home.css [33m404[0m 20.558 ms - 151[0m
[0mGET /css/chat_box.css [33m404[0m 18.930 ms - 155[0m
[0mPOST /posts/create [36m302[0m 8.079 ms - 88[0m
[0mGET / [32m200[0m 56.624 ms - 19608[0m
[0mGET /css/layout.css [33m404[0m 5.733 ms - 153[0m
[0mGET /css/header.css [33m404[0m 5.107 ms - 153[0m
[0mGET /js/home_post_comments.js [33m404[0m 16.406 ms - 163[0m
[0mGET /css/footer.css [33m404[0m 16.953 ms - 153[0m
[0mGET /css/home.css [33m404[0m 15.650 ms - 151[0m
[0mGET /css/chat_box.css [33m404[0m 18.325 ms - 155[0m
[0mGET /js/home_posts.js [33m404[0m 19.620 ms - 155[0m
[0mGET /js/toggle_likes.js [33m404[0m 19.616 ms - 157[0m
[0mGET /js/chat_engine.js [33m404[0m 16.735 ms - 156[0m
[0mGET /css/header.css [33m404[0m 14.451 ms - 153[0m
[0mGET /css/footer.css [33m404[0m 17.101 ms - 153[0m
[0mGET /css/layout.css [33m404[0m 17.165 ms - 153[0m
[0mGET /js/home_post_comments.js [33m404[0m 12.275 ms - 163[0m
[0mGET /css/home.css [33m404[0m 13.957 ms - 151[0m
[0mGET /css/chat_box.css [33m404[0m 14.056 ms - 155[0m
[0mGET /js/home_posts.js [33m404[0m 5.397 ms - 155[0m
[0mGET /js/toggle_likes.js [33m404[0m 7.172 ms - 157[0m
[0mGET /js/chat_engine.js [33m404[0m 4.225 ms - 156[0m
[0mGET /users/sign-out [36m302[0m 5.008 ms - 46[0m
[0mGET / [32m200[0m 28.727 ms - 12346[0m
[0mGET /js/home_post_comments.js [33m404[0m 4.574 ms - 163[0m
[0mGET /css/header.css [33m404[0m 14.061 ms - 153[0m
[0mGET /css/chat_box.css [33m404[0m 14.623 ms - 155[0m
[0mGET /css/home.css [33m404[0m 10.285 ms - 151[0m
[0mGET /css/layout.css [33m404[0m 10.759 ms - 153[0m
[0mGET /css/footer.css [33m404[0m 13.056 ms - 153[0m
[0mGET /js/home_posts.js [33m404[0m 6.792 ms - 155[0m
[0mGET /js/toggle_likes.js [33m404[0m 5.989 ms - 157[0m
[0mGET /js/chat_engine.js [33m404[0m 6.666 ms - 156[0m
[0mGET /css/layout.css [33m404[0m 5.320 ms - 153[0m
[0mGET /css/header.css [33m404[0m 8.698 ms - 153[0m
[0mGET /css/footer.css [33m404[0m 10.878 ms - 153[0m
[0mGET /css/home.css [33m404[0m 11.051 ms - 151[0m
[0mGET /css/chat_box.css [33m404[0m 10.976 ms - 155[0m
[0mGET /js/home_post_comments.js [33m404[0m 10.912 ms - 163[0m
[0mGET /js/home_posts.js [33m404[0m 3.442 ms - 155[0m
[0mGET /js/toggle_likes.js [33m404[0m 1.592 ms - 157[0m
[0mGET /js/chat_engine.js [33m404[0m 3.123 ms - 156[0m
[0mGET /users/sign-in [36m304[0m 6.874 ms - -[0m
[0mGET /users/css/layout.css [33m404[0m 6.216 ms - 159[0m
[0mGET /users/css/header.css [33m404[0m 7.370 ms - 159[0m
[0mGET /users/css/footer.css [33m404[0m 4.695 ms - 159[0m
[0mGET /users/auth/google [36m302[0m 7.396 ms - 0[0m
[0mGET /users/auth/google/callback?code=4%2F0AX4XfWiTdkT8PKFMy1rLz2QuXwCKBZzRXq2WANTMw4B_UNMRTigJh2rArqhkQDORWicyXQ&scope=email+profile+openid+https%3A%2F%2Fwww.googleapis.com%2Fauth%2Fuserinfo.profile+https%3A%2F%2Fwww.googleapis.com%2Fauth%2Fuserinfo.email&authuser=0&prompt=none [36m302[0m 551.336 ms - 46[0m
[0mGET / [32m200[0m 46.385 ms - 19384[0m
[0mGET /css/layout.css [33m404[0m 15.576 ms - 153[0m
[0mGET /js/toggle_likes.js [33m404[0m 21.511 ms - 157[0m
[0mGET /css/header.css [33m404[0m 24.762 ms - 153[0m
[0mGET /css/home.css [33m404[0m 25.452 ms - 151[0m
[0mGET /css/footer.css [33m404[0m 28.204 ms - 153[0m
[0mGET /css/chat_box.css [33m404[0m 33.769 ms - 155[0m
[0mGET /js/chat_engine.js [33m404[0m 31.356 ms - 156[0m
[0mGET /js/home_post_comments.js [33m404[0m 17.259 ms - 163[0m
[0mGET /js/home_posts.js [33m404[0m 13.112 ms - 155[0m
[0mGET /js/toggle_likes.js [33m404[0m 5.059 ms - 157[0m
[0mGET /js/chat_engine.js [33m404[0m 5.848 ms - 156[0m
[0mPOST /posts/create [36m302[0m 7.822 ms - 88[0m
[0mGET / [32m200[0m 30.446 ms - 20549[0m
[0mGET /js/home_post_comments.js [33m404[0m 20.499 ms - 163[0m
[0mGET /css/header.css [33m404[0m 18.056 ms - 153[0m
[0mGET /css/footer.css [33m404[0m 17.985 ms - 153[0m
[0mGET /css/chat_box.css [33m404[0m 18.228 ms - 155[0m
[0mGET /css/home.css [33m404[0m 19.969 ms - 151[0m
[0mGET /css/layout.css [33m404[0m 20.054 ms - 153[0m
[0mGET /js/home_posts.js [33m404[0m 12.880 ms - 155[0m
[0mGET /js/toggle_likes.js [33m404[0m 12.478 ms - 157[0m
[0mGET /js/chat_engine.js [33m404[0m 15.982 ms - 156[0m
[0mPOST /comments/create [36m302[0m 15.024 ms - 46[0m
[0mGET / [32m200[0m 39.169 ms - 20943[0m
[0mGET /css/header.css [33m404[0m 17.217 ms - 153[0m
[0mGET /css/footer.css [33m404[0m 20.437 ms - 153[0m
[0mGET /css/layout.css [33m404[0m 20.177 ms - 153[0m
[0mGET /js/home_post_comments.js [33m404[0m 19.353 ms - 163[0m
[0mGET /css/chat_box.css [33m404[0m 18.817 ms - 155[0m
[0mGET /css/home.css [33m404[0m 23.739 ms - 151[0m
[0mGET /js/home_posts.js [33m404[0m 22.456 ms - 155[0m
[0mGET /js/toggle_likes.js [33m404[0m 17.500 ms - 157[0m
[0mGET /js/chat_engine.js [33m404[0m 18.246 ms - 156[0m
[0mGET / [32m200[0m 40.998 ms - 12735[0m
[0mGET /js/home_post_comments.js [33m404[0m 6.863 ms - 163[0m
[0mGET /css/layout.css [33m404[0m 8.046 ms - 153[0m
[0mGET /css/header.css [33m404[0m 9.865 ms - 153[0m
[0mGET /css/footer.css [33m404[0m 10.351 ms - 153[0m
[0mGET /css/home.css [33m404[0m 13.723 ms - 151[0m
[0mGET /css/chat_box.css [33m404[0m 14.005 ms - 155[0m
[0mGET /js/home_posts.js [33m404[0m 14.470 ms - 155[0m
[0mGET /js/toggle_likes.js [33m404[0m 10.141 ms - 157[0m
[0mGET /js/chat_engine.js [33m404[0m 8.761 ms - 156[0m
[0mGET /js/home_post_comments.js [33m404[0m 7.403 ms - 163[0m
[0mGET /css/layout.css [33m404[0m 11.595 ms - 153[0m
[0mGET /css/header.css [33m404[0m 11.908 ms - 153[0m
[0mGET /css/chat_box.css [33m404[0m 12.321 ms - 155[0m
[0mGET /css/footer.css [33m404[0m 11.609 ms - 153[0m
[0mGET /css/home.css [33m404[0m 11.560 ms - 151[0m
[0mGET /js/home_posts.js [33m404[0m 2.668 ms - 155[0m
[0mGET /js/toggle_likes.js [33m404[0m 1.645 ms - 157[0m
[0mGET /js/chat_engine.js [33m404[0m 1.704 ms - 156[0m
[0mGET /users/sign-in [32m200[0m 7.198 ms - 2202[0m
[0mGET /users/css/layout.css [33m404[0m 7.449 ms - 159[0m
[0mGET /users/css/header.css [33m404[0m 6.740 ms - 159[0m
[0mGET /users/css/footer.css [33m404[0m 8.686 ms - 159[0m
[0mPOST /users/create-session [36m302[0m 4.545 ms - 46[0m
[0mGET / [32m200[0m 32.904 ms - 21052[0m
[0mGET /js/home_post_comments.js [33m404[0m 15.044 ms - 163[0m
[0mGET /css/layout.css [33m404[0m 16.930 ms - 153[0m
[0mGET /css/header.css [33m404[0m 20.778 ms - 153[0m
[0mGET /css/home.css [33m404[0m 21.221 ms - 151[0m
[0mGET /css/footer.css [33m404[0m 22.710 ms - 153[0m
[0mGET /css/chat_box.css [33m404[0m 21.649 ms - 155[0m
[0mGET /js/home_posts.js [33m404[0m 22.371 ms - 155[0m
[0mGET /js/toggle_likes.js [33m404[0m 9.871 ms - 157[0m
[0mGET /js/chat_engine.js [33m404[0m 10.910 ms - 156[0m
[0mGET /api/v1/posts [32m200[0m 66.556 ms - 11783[0m
[0mGET /api/v1/posts [32m200[0m 75.725 ms - 11783[0m
[0mGET /api/v1/posts [32m200[0m 37.410 ms - 11783[0m
[0mGET /api/v1/posts [32m200[0m 44.899 ms - 11783[0m
[0mGET /api/v1/posts [32m200[0m 114.486 ms - 11783[0m
[0mGET /api/v1/posts [32m200[0m 83.875 ms - 11783[0m
[0mGET /api/v1/posts [36m304[0m 59.426 ms - -[0m
[0mGET /api/v1/posts [36m304[0m 40.365 ms - -[0m
[0mGET /api/v1/posts [36m304[0m 42.594 ms - -[0m
[0mGET / [32m200[0m 213.477 ms - 12735[0m
[0mGET /js/home_post_comments.js [33m404[0m 13.102 ms - 163[0m
[0mGET /js/toggle_likes.js [33m404[0m 7.845 ms - 157[0m
[0mGET /js/chat_engine.js [33m404[0m 8.526 ms - 156[0m
[0mGET /js/home_post_comments.js [33m404[0m 11.170 ms - 163[0m
[0mGET /js/home_posts.js [33m404[0m 5.547 ms - 155[0m
[0mGET /js/toggle_likes.js [33m404[0m 3.714 ms - 157[0m
[0mGET /js/chat_engine.js [33m404[0m 2.154 ms - 156[0m
[0mGET /favicon.ico [33m404[0m 2.913 ms - 150[0m
[0mGET /api/v1/posts [36m304[0m 33.895 ms - -[0m
[0mGET /api/v1/posts [36m304[0m 94.199 ms - -[0m
[0mGET /api/v1/posts [36m304[0m 38.250 ms - -[0m
[0mGET /api/v1/posts [36m304[0m 26.794 ms - -[0m
[0mGET /api/v1/posts [36m304[0m 27.107 ms - -[0m
[0mGET /api/v1/posts [36m304[0m 31.079 ms - -[0m
[0mGET /api/v1/posts [36m304[0m 52.205 ms - -[0m
[0mGET /api/v1/posts [36m304[0m 31.987 ms - -[0m
[0mGET /api/v1/posts [36m304[0m 18.594 ms - -[0m
[0mGET /api/v1/posts [36m304[0m 35.115 ms - -[0m
[0mGET /api/v1/posts [36m304[0m 33.134 ms - -[0m
[0mGET /api/v1/posts [36m304[0m 28.713 ms - -[0m
[0mGET /api/v1/posts [36m304[0m 29.609 ms - -[0m
[0mGET /api/v1/posts [36m304[0m 28.639 ms - -[0m
[0mGET /api/v1/posts [36m304[0m 24.852 ms - -[0m
[0mGET /api/v1/posts [36m304[0m 30.698 ms - -[0m
[0mGET /api/v1/posts [36m304[0m 24.053 ms - -[0m
[0mGET /api/v1/posts [36m304[0m 29.209 ms - -[0m
[0mGET /api/v1/posts [36m304[0m 19.559 ms - -[0m
[0mGET /api/v1/posts [36m304[0m 24.474 ms - -[0m
[0mGET /api/v1/posts [36m304[0m 14.188 ms - -[0m
[0mGET /api/v1/posts [36m304[0m 22.845 ms - -[0m
[0mGET /api/v1/posts [36m304[0m 26.700 ms - -[0m
[0mGET /api/v1/posts [36m304[0m 27.667 ms - -[0m
[0mGET /api/v1/posts [36m304[0m 26.199 ms - -[0m
[0mGET /api/v1/posts [36m304[0m 18.975 ms - -[0m
[0mGET /api/v1/posts [36m304[0m 19.654 ms - -[0m
[0mGET / [32m200[0m 676.378 ms - 12735[0m
[0mGET /js/toggle_likes.js [33m404[0m 147.371 ms - 157[0m
[0mGET /js/home_posts.js [33m404[0m 160.957 ms - 155[0m
[0mGET /js/home_post_comments.js [33m404[0m 168.269 ms - 163[0m
[0mGET /js/chat_engine.js [33m404[0m 154.681 ms - 156[0m
[0mGET /js/chat_engine.js [33m404[0m 2.474 ms - 156[0m
[0mGET /js/toggle_likes.js [33m404[0m 4.773 ms - 157[0m
[0mGET /favicon.ico [33m404[0m 2.400 ms - 150[0m
[0mGET /users/sign-in [32m200[0m 10.727 ms - 2202[0m
[0mGET /users/css/layout.css [33m404[0m 5.964 ms - 159[0m
[0mGET /users/css/header.css [33m404[0m 4.824 ms - 159[0m
[0mGET /users/css/footer.css [33m404[0m 6.670 ms - 159[0m
[0mPOST /users/create-session [36m302[0m 46.089 ms - 46[0m
[0mGET / [32m200[0m 43.969 ms - 21052[0m
[0mGET /css/layout.css [33m404[0m 14.095 ms - 153[0m
[0mGET /css/footer.css [33m404[0m 23.308 ms - 153[0m
[0mGET /css/header.css [33m404[0m 27.906 ms - 153[0m
[0mGET /js/home_posts.js [33m404[0m 20.441 ms - 155[0m
[0mGET /js/home_post_comments.js [33m404[0m 23.596 ms - 163[0m
[0mGET /js/toggle_likes.js [33m404[0m 36.955 ms - 157[0m
[0mGET /js/chat_engine.js [33m404[0m 16.487 ms - 156[0m
[0mGET /css/home.css [33m404[0m 18.889 ms - 151[0m
[0mGET /css/chat_box.css [33m404[0m 16.047 ms - 155[0m
[0mGET /js/home_posts.js [33m404[0m 5.701 ms - 155[0m
[0mGET /js/toggle_likes.js [33m404[0m 4.050 ms - 157[0m
[0mGET /js/chat_engine.js [33m404[0m 3.508 ms - 156[0m
[0mGET /likes/toggle/?id=611757d02f58a805ecc7103e&type=Comment [33m404[0m 6.442 ms - 152[0m
[0mGET /likes/toggle/?id=611757c72f58a805ecc7103d&type=Post [33m404[0m 9.736 ms - 152[0m
[0mPOST /posts/create [36m302[0m 45.167 ms - 88[0m
[0mGET / [32m200[0m 49.080 ms - 22215[0m
[0mGET /css/header.css [33m404[0m 20.601 ms - 153[0m
[0mGET /css/footer.css [33m404[0m 18.545 ms - 153[0m
[0mGET /css/home.css [33m404[0m 22.229 ms - 151[0m
[0mGET /js/home_post_comments.js [33m404[0m 24.439 ms - 163[0m
[0mGET /css/layout.css [33m404[0m 32.136 ms - 153[0m
[0mGET /css/chat_box.css [33m404[0m 32.425 ms - 155[0m
[0mGET /js/home_posts.js [33m404[0m 23.883 ms - 155[0m
[0mGET /js/toggle_likes.js [33m404[0m 24.817 ms - 157[0m
[0mGET /js/chat_engine.js [33m404[0m 15.595 ms - 156[0m
[0mGET /likes/toggle/?id=615553c0086ee330acda8ba5&type=Post [33m404[0m 8.272 ms - 152[0m
[0mPOST /comments/create [36m302[0m 28.251 ms - 46[0m
[0mGET / [32m200[0m 66.770 ms - 22221[0m
[0mGET /js/home_post_comments.js [33m404[0m 21.854 ms - 163[0m
[0mGET /css/layout.css [33m404[0m 19.041 ms - 153[0m
[0mGET /css/header.css [33m404[0m 19.427 ms - 153[0m
[0mGET /css/footer.css [33m404[0m 19.581 ms - 153[0m
[0mGET /css/home.css [33m404[0m 40.267 ms - 151[0m
[0mGET /css/chat_box.css [33m404[0m 40.497 ms - 155[0m
[0mGET /js/home_posts.js [33m404[0m 20.503 ms - 155[0m
[0mGET /js/toggle_likes.js [33m404[0m 22.916 ms - 157[0m
[0mGET /js/chat_engine.js [33m404[0m 22.267 ms - 156[0m
[0mGET / [32m200[0m 65.684 ms - 22252[0m
[0mGET /css/layout.css [33m404[0m 18.629 ms - 153[0m
[0mGET /js/home_post_comments.js [33m404[0m 24.029 ms - 163[0m
[0mGET /css/home.css [33m404[0m 25.264 ms - 151[0m
[0mGET /css/chat_box.css [33m404[0m 25.518 ms - 155[0m
[0mGET /css/header.css [33m404[0m 28.157 ms - 153[0m
[0mGET /css/footer.css [33m404[0m 26.386 ms - 153[0m
[0mGET /js/home_posts.js [33m404[0m 28.328 ms - 155[0m
[0mGET /js/toggle_likes.js [33m404[0m 13.550 ms - 157[0m
[0mGET /js/chat_engine.js [33m404[0m 14.155 ms - 156[0m
[0mGET /likes/toggle/?id=615553c6086ee330acda8ba6&type=Comment [33m404[0m 5.033 ms - 152[0m
[0mGET / [36m304[0m 49.078 ms - -[0m
[0mGET /css/layout.css [33m404[0m 19.154 ms - 153[0m
[0mGET /css/header.css [33m404[0m 18.918 ms - 153[0m
[0mGET /css/footer.css [33m404[0m 20.272 ms - 153[0m
[0mGET /js/home_post_comments.js [33m404[0m 19.946 ms - 163[0m
[0mGET /css/chat_box.css [33m404[0m 27.087 ms - 155[0m
[0mGET /css/home.css [33m404[0m 27.203 ms - 151[0m
[0mGET /js/home_posts.js [33m404[0m 24.032 ms - 155[0m
[0mGET /js/toggle_likes.js [33m404[0m 21.761 ms - 157[0m
[0mGET /js/chat_engine.js [33m404[0m 21.165 ms - 156[0m
[0mGET /likes/toggle/?id=615553c0086ee330acda8ba5&type=Post [33m404[0m 6.833 ms - 152[0m
[0mGET / [36m304[0m 57.034 ms - -[0m
[0mGET /js/home_post_comments.js [33m404[0m 22.890 ms - 163[0m
[0mGET /css/home.css [33m404[0m 22.932 ms - 151[0m
[0mGET /css/chat_box.css [33m404[0m 24.872 ms - 155[0m
[0mGET /css/layout.css [33m404[0m 21.794 ms - 153[0m
[0mGET /css/header.css [33m404[0m 21.638 ms - 153[0m
[0mGET /css/footer.css [33m404[0m 20.536 ms - 153[0m
[0mGET /js/home_posts.js [33m404[0m 11.953 ms - 155[0m
[0mGET /js/toggle_likes.js [33m404[0m 13.021 ms - 157[0m
[0mGET /js/chat_engine.js [33m404[0m 12.334 ms - 156[0m
[0mGET /css/layout.css [33m404[0m 11.536 ms - 153[0m
[0mGET /js/home_post_comments.js [33m404[0m 18.614 ms - 163[0m
[0mGET /css/footer.css [33m404[0m 15.747 ms - 153[0m
[0mGET /css/chat_box.css [33m404[0m 15.955 ms - 155[0m
[0mGET /css/home.css [33m404[0m 18.665 ms - 151[0m
[0mGET /css/header.css [33m404[0m 18.971 ms - 153[0m
[0mGET /js/home_posts.js [33m404[0m 10.149 ms - 155[0m
[0mGET /js/toggle_likes.js [33m404[0m 4.516 ms - 157[0m
[0mGET /js/chat_engine.js [33m404[0m 4.245 ms - 156[0m
[0mGET /likes/toggle/?id=615553c0086ee330acda8ba5&type=Post [33m404[0m 6.312 ms - 152[0m
[0mPOST /comments/create [36m302[0m 22.008 ms - 46[0m
[0mGET / [32m200[0m 57.630 ms - 22997[0m
[0mGET /js/home_post_comments.js [33m404[0m 17.140 ms - 163[0m
[0mGET /css/layout.css [33m404[0m 16.256 ms - 153[0m
[0mGET /css/header.css [33m404[0m 17.611 ms - 153[0m
[0mGET /css/footer.css [33m404[0m 16.473 ms - 153[0m
[0mGET /css/home.css [33m404[0m 22.665 ms - 151[0m
[0mGET /css/chat_box.css [33m404[0m 22.722 ms - 155[0m
[0mGET /js/home_posts.js [33m404[0m 13.058 ms - 155[0m
[0mGET /js/chat_engine.js [33m404[0m 12.967 ms - 156[0m
[0mGET /js/toggle_likes.js [33m404[0m 14.566 ms - 157[0m
[0mGET /css/layout.css [33m404[0m 12.638 ms - 153[0m
[0mGET /css/header.css [33m404[0m 4.192 ms - 153[0m
[0mGET /js/home_post_comments.js [33m404[0m 4.920 ms - 163[0m
[0mGET /js/home_posts.js [33m404[0m 6.258 ms - 155[0m
[0mGET /js/toggle_likes.js [33m404[0m 4.748 ms - 157[0m
[0mGET /js/chat_engine.js [33m404[0m 4.405 ms - 156[0m
[0mGET / [32m200[0m 204.569 ms - 13722[0m
[0mGET /js/home_post_comments.js [33m404[0m 54.854 ms - 163[0m
[0mGET /js/home_posts.js [33m404[0m 18.052 ms - 155[0m
[0mGET /js/toggle_likes.js [33m404[0m 35.672 ms - 157[0m
[0mGET /js/chat_engine.js [33m404[0m 37.824 ms - 156[0m
